{
  "RSpec": {
    "coverage": {
      "/Users/joshuaretallick/Projects/Bootcamp/tech-test/bank-tech-test/spec/banking_app_spec.rb": {
        "lines": [
          1,
          null,
          1,
          null,
          1,
          1,
          null,
          null,
          1,
          1,
          null,
          null,
          1,
          1,
          null,
          null,
          1,
          1,
          1,
          1,
          null,
          null,
          null,
          null,
          1,
          1,
          1,
          1,
          null,
          null,
          null,
          null,
          1,
          4,
          null,
          null,
          null
        ]
      },
      "/Users/joshuaretallick/Projects/Bootcamp/tech-test/bank-tech-test/lib/banking_app.rb": {
        "lines": [
          1,
          null,
          1,
          null,
          1,
          1,
          null,
          1,
          6,
          6,
          null,
          null,
          1,
          2,
          2,
          2,
          null,
          null,
          1,
          1,
          1,
          1,
          null,
          null,
          null,
          null,
          null,
          null,
          null,
          null,
          null,
          null,
          null
        ]
      },
      "/Users/joshuaretallick/Projects/Bootcamp/tech-test/bank-tech-test/lib/transaction.rb": {
        "lines": [
          1,
          null,
          1,
          null,
          1,
          null,
          3,
          3,
          3,
          null,
          null,
          null
        ]
      },
      "/Users/joshuaretallick/Projects/Bootcamp/tech-test/bank-tech-test/spec/transaction_spec.rb": {
        "lines": [
          1,
          null,
          1,
          null,
          1,
          1,
          null,
          null,
          1,
          0,
          null,
          null,
          null
        ]
      }
    },
    "timestamp": 1610452045
  }
}
