{
  "RSpec": {
    "coverage": {
      "/Users/joshuaretallick/Projects/Bootcamp/tech-test/bank-tech-test/spec/banking_app_spec.rb": {
        "lines": [
          null,
          null,
          1,
          null,
          1,
          1,
          12,
          null,
          null,
          1,
          1,
          null,
          null,
          1,
          1,
          null,
          null,
          1,
          1,
          null,
          null,
          1,
          1,
          1,
          1,
          null,
          null,
          1,
          4,
          null,
          null,
          null,
          1,
          1,
          1,
          1,
          1,
          null,
          null,
          1,
          1,
          4,
          null,
          null,
          1,
          2,
          null,
          null,
          1,
          2,
          null,
          null,
          null,
          1,
          1,
          1,
          2,
          null,
          null,
          1,
          1,
          1,
          2,
          null,
          null,
          1,
          1,
          1,
          1,
          2,
          null,
          null,
          null
        ]
      },
      "/Users/joshuaretallick/Projects/Bootcamp/tech-test/bank-tech-test/lib/banking_app.rb": {
        "lines": [
          null,
          null,
          1,
          null,
          1,
          1,
          1,
          null,
          1,
          12,
          12,
          null,
          null,
          1,
          9,
          9,
          9,
          null,
          null,
          1,
          5,
          4,
          null,
          3,
          3,
          3,
          null,
          null,
          1,
          3,
          3,
          6,
          null,
          null,
          null,
          1,
          null,
          1,
          18,
          null,
          null
        ]
      },
      "/Users/joshuaretallick/Projects/Bootcamp/tech-test/bank-tech-test/lib/transaction.rb": {
        "lines": [
          null,
          null,
          1,
          1,
          null,
          1,
          13,
          13,
          13,
          13,
          null,
          null
        ]
      },
      "/Users/joshuaretallick/Projects/Bootcamp/tech-test/bank-tech-test/spec/transaction_spec.rb": {
        "lines": [
          null,
          null,
          1,
          null,
          1,
          1,
          1,
          1,
          null,
          null
        ]
      }
    },
    "timestamp": 1610465767
  }
}
